WARNING:coreutil:954 - Unable to map repository entry for IP
   'xilinx.com:ip:blk_mem_gen:6.1' because the metadata file
   'C:\ProgramData\App-V\DAA02E26-5322-4947-BF0F-062031F30E14\68790BDD-0F39-406E
   -A1BC-DAF286566E4F\Root\14.7\ISE_DS\ISE\coregen\ip\xilinx\primary\com\xilinx\
   ip\blk_mem_gen_v6_1\component.xml' does not exist.
WARNING:coreutil:954 - Unable to map repository entry for IP
   'xilinx.com:ip:blk_mem_gen:6.2' because the metadata file
   'C:\ProgramData\App-V\DAA02E26-5322-4947-BF0F-062031F30E14\68790BDD-0F39-406E
   -A1BC-DAF286566E4F\Root\14.7\ISE_DS\ISE\coregen\ip\xilinx\primary\com\xilinx\
   ip\blk_mem_gen_v6_2\component.xml' does not exist.
INFO:sim:172 - Generating IP...
Resolving generics for 'spart_fifo'...
Applying external generics to 'spart_fifo'...
Delivering associated files for 'spart_fifo'...
Delivering EJava files for 'spart_fifo'...
Generating implementation netlist for 'spart_fifo'...
INFO:sim - Pre-processing HDL files for 'spart_fifo'...
WARNING:sim - BlackBox generator run option '-ifmt' found multiple times. Only
   the first occurence is considered.
Running synthesis for 'spart_fifo'
Running ngcbuild...
Writing VEO instantiation template for 'spart_fifo'...
Writing Verilog behavioral simulation model for 'spart_fifo'...
WARNING:sim - Overwriting existing file
   I:/554/project/ECE554-SPU/hw/integration/CPU_MMU/CPU_MMU/ipcore_dir/tmp/_cg/s
   part_fifo/doc/fifo_generator_v9_3_vinfo.html with file from view
   xilinx_documentation
Delivered 3 files into directory
I:/554/project/ECE554-SPU/hw/integration/CPU_MMU/CPU_MMU/ipcore_dir/tmp/_cg/spar
t_fifo
WARNING:sim - Overwriting existing file
   I:/554/project/ECE554-SPU/hw/integration/CPU_MMU/CPU_MMU/ipcore_dir/tmp/_cg/s
   part_fifo/doc/fifo_generator_v9_3_readme.txt with file from view
   xilinx_readme
Delivered 1 file into directory
I:/554/project/ECE554-SPU/hw/integration/CPU_MMU/CPU_MMU/ipcore_dir/tmp/_cg/spar
t_fifo
Generating ASY schematic symbol...
INFO:sim:949 - Finished generation of ASY schematic symbol.
Generating SYM schematic symbol for 'spart_fifo'...
Generating metadata file...
Generating ISE project file for 'spart_fifo'...
Generating ISE project...
XCO file found: spart_fifo.xco
XMDF file found: spart_fifo_xmdf.tcl
Adding
I:/554/project/ECE554-SPU/hw/integration/CPU_MMU/CPU_MMU/ipcore_dir/tmp/_cg/spar
t_fifo.asy -view all -origin_type imported
Adding
I:/554/project/ECE554-SPU/hw/integration/CPU_MMU/CPU_MMU/ipcore_dir/tmp/_cg/spar
t_fifo.ngc -view all -origin_type created
Checking file
"I:/554/project/ECE554-SPU/hw/integration/CPU_MMU/CPU_MMU/ipcore_dir/tmp/_cg/spa
rt_fifo.ngc" for project device match ...
File
"I:/554/project/ECE554-SPU/hw/integration/CPU_MMU/CPU_MMU/ipcore_dir/tmp/_cg/spa
rt_fifo.ngc" device information matches project device.
Adding
I:/554/project/ECE554-SPU/hw/integration/CPU_MMU/CPU_MMU/ipcore_dir/tmp/_cg/spar
t_fifo.sym -view all -origin_type imported
Adding
I:/554/project/ECE554-SPU/hw/integration/CPU_MMU/CPU_MMU/ipcore_dir/tmp/_cg/spar
t_fifo.v -view all -origin_type created
INFO:HDLCompiler:1845 - Analyzing Verilog file
   "I:/554/project/ECE554-SPU/hw/integration/CPU_MMU/CPU_MMU/ipcore_dir/tmp/_cg/
   spart_fifo.v" into library work
INFO:ProjectMgmt - Parsing design hierarchy completed successfully.
Adding
I:/554/project/ECE554-SPU/hw/integration/CPU_MMU/CPU_MMU/ipcore_dir/tmp/_cg/spar
t_fifo.veo -view all -origin_type imported
INFO:TclTasksC:2116 - The automatic calculation of top has been turned-off.
   Please set the new top explicitly by running the "project set top" command.
   To re-calculate the new top automatically, set the "Auto Implementation Top"
   property to true.
Top level has been set to "/spart_fifo"
Generating README file...
Generating FLIST file...
INFO:sim:948 - Finished FLIST file generation.
Launching README viewer...
Moving files to output directory...
Finished moving files to output directory
Wrote CGP file for project 'spart_fifo'.
