@0
61
73
66
64
73
61
66
68
69
75
61
73
68
76
63
61
73
6c
6b
6a
76
73
61
66
6b
6a
68
73
64
73
61
6b
6a
66
68
67
61
73
63
6e
62
5a
6c
78
61
73
6a
68
66
64
61
73
6c
68
66
6b
73
5a
42
58
67
66
63
73
61
6a
68
64
67
66
73
61
6b
62
68
6d
76
63
4e
5a
58
63
4d
67
66
68
73
61
66
6c
73
61
6b
6a
68
66
6e
62
63
5a
00
61
73
66
64
73
61
66
68
69
75
61
73
68
76
63
61
73
6c
6b
6a
76
73
61
66
6b
6a
68
73
64
73
61
6b
6a
66
68
67
61
73
63
6e
62
5a
6c
78
61
73
6a
68
66
64
61
73
6c
68
66
6b
73
5a
42
58
67
66
63
73
61
6a
68
64
67
66
73
61
6b
62
68
6d
76
63
4e
5a
58
63
4d
67
66
68
73
61
66
6c
73
61
6b
6a
68
66
6e
62
63
61
00
