@0
00
00
00
74
00
00
00
00
00
00
00
00
00
00
00
00
6c
00
40
00
6c
04
48
00
6c
05
50
00
c1
2b
00
00
c1
4c
00
00
31
60
00
20
31
80
00
14
75
6c
68
00
35
a0
00
0c
21
29
00
01
21
4a
00
01
10
00
00
1c
20
01
00
01
10
00
00
50
35
80
ff
f4
6c
00
08
00
17
e0
00
00
20
19
00
a0
4b
20
00
00
20
1a
00
a0
4b
40
00
04
43
24
00
00
47
58
00
00
37
00
ff
f8
17
e0
00
00
20
04
00
41
18
00
00
54
60
80
00
80
48
80
00
00
60
a0
00
80
48
a0
00
65
18
00
00
10
30
20
00
0c
20
04
00
31
18
00
00
54
10
00
00
a8
20
04
00
30
18
00
00
54
00
00
00
00
